<?xml version="1.0" encoding="UTF-8"?>
<!-- Generated by org.testng.reporters.JUnitReportReporter -->
<testsuite hostname="DESKTOP-UMK850E" failures="0" tests="1" name="KSWOO.Tutorial25.ExtentReport" time="2.678" errors="0" timestamp="2021-03-02T02:47:57 MYT" skipped="0">
  <testcase classname="KSWOO.Tutorial25.ExtentReport" name="initateDriver" time="2.678"/>
  <system-out/>
</testsuite> <!-- KSWOO.Tutorial25.ExtentReport -->
